# JRE version: Java(TM) SE Runtime Environment (8.0_171-b11) (build 1.8.0_171-b11)
# Java VM: Java HotSpot(TM) 64-Bit Server VM (25.171-b11 mixed mode windows-amd64 compressed oops)
Heap:
 PSYoungGen      total 128000K, used 7591K [0x00000000f5580000, 0x0000000100000000, 0x0000000100000000)
  eden space 81408K, 4% used [0x00000000f5580000,0x00000000f58b9ec0,0x00000000fa500000)
  from space 46592K, 9% used [0x00000000fa500000,0x00000000fa930000,0x00000000fd280000)
  to   space 45568K, 0% used [0x00000000fd380000,0x00000000fd380000,0x0000000100000000)
 ParOldGen       total 349696K, used 106253K [0x00000000e0000000, 0x00000000f5580000, 0x00000000f5580000)
  object space 349696K, 30% used [0x00000000e0000000,0x00000000e67c3788,0x00000000f5580000)
 Metaspace       used 97691K, capacity 103174K, committed 103448K, reserved 1138688K
  class space    used 12393K, capacity 13495K, committed 13592K, reserved 1048576K
GC Heap History (10 events):
Event: 1261.905 GC heap before
{Heap before GC invocations=71 (full 6):
 PSYoungGen      total 133632K, used 102412K [0x00000000f5580000, 0x00000000ffb00000, 0x0000000100000000)
  eden space 96768K, 100% used [0x00000000f5580000,0x00000000fb400000,0x00000000fb400000)
  from space 36864K, 15% used [0x00000000fd680000,0x00000000fdc031a8,0x00000000ffa80000)
  to   space 35328K, 0% used [0x00000000fb400000,0x00000000fb400000,0x00000000fd680000)
 ParOldGen       total 349696K, used 72027K [0x00000000e0000000, 0x00000000f5580000, 0x00000000f5580000)
  object space 349696K, 20% used [0x00000000e0000000,0x00000000e4656f08,0x00000000f5580000)
 Metaspace       used 97642K, capacity 103088K, committed 103192K, reserved 1138688K
  class space    used 12393K, capacity 13494K, committed 13592K, reserved 1048576K
Event: 1261.922 GC heap after
Heap after GC invocations=71 (full 6):
 PSYoungGen      total 132096K, used 7654K [0x00000000f5580000, 0x00000000ffb80000, 0x0000000100000000)
  eden space 96768K, 0% used [0x00000000f5580000,0x00000000f5580000,0x00000000fb400000)
  from space 35328K, 21% used [0x00000000fb400000,0x00000000fbb79a88,0x00000000fd680000)
  to   space 33792K, 0% used [0x00000000fda80000,0x00000000fda80000,0x00000000ffb80000)
 ParOldGen       total 349696K, used 74183K [0x00000000e0000000, 0x00000000f5580000, 0x00000000f5580000)
  object space 349696K, 21% used [0x00000000e0000000,0x00000000e4871f48,0x00000000f5580000)
 Metaspace       used 97642K, capacity 103088K, committed 103192K, reserved 1138688K
  class space    used 12393K, capacity 13494K, committed 13592K, reserved 1048576K
}
Event: 1269.233 GC heap before
{Heap before GC invocations=72 (full 6):
 PSYoungGen      total 132096K, used 104226K [0x00000000f5580000, 0x00000000ffb80000, 0x0000000100000000)
  eden space 96768K, 99% used [0x00000000f5580000,0x00000000fb3cf080,0x00000000fb400000)
  from space 35328K, 21% used [0x00000000fb400000,0x00000000fbb79a88,0x00000000fd680000)
  to   space 33792K, 0% used [0x00000000fda80000,0x00000000fda80000,0x00000000ffb80000)
 ParOldGen       total 349696K, used 74183K [0x00000000e0000000, 0x00000000f5580000, 0x00000000f5580000)
  object space 349696K, 21% used [0x00000000e0000000,0x00000000e4871f48,0x00000000f5580000)
 Metaspace       used 97663K, capacity 103092K, committed 103192K, reserved 1138688K
  class space    used 12393K, capacity 13494K, committed 13592K, reserved 1048576K
Event: 1269.248 GC heap after
Heap after GC invocations=72 (full 6):
 PSYoungGen      total 137216K, used 3465K [0x00000000f5580000, 0x00000000ffc80000, 0x0000000100000000)
  eden space 103424K, 0% used [0x00000000f5580000,0x00000000f5580000,0x00000000fba80000)
  from space 33792K, 10% used [0x00000000fda80000,0x00000000fdde27d8,0x00000000ffb80000)
  to   space 32768K, 0% used [0x00000000fba80000,0x00000000fba80000,0x00000000fda80000)
 ParOldGen       total 349696K, used 79090K [0x00000000e0000000, 0x00000000f5580000, 0x00000000f5580000)
  object space 349696K, 22% used [0x00000000e0000000,0x00000000e4d3c950,0x00000000f5580000)
 Metaspace       used 97663K, capacity 103092K, committed 103192K, reserved 1138688K
  class space    used 12393K, capacity 13494K, committed 13592K, reserved 1048576K
}
Event: 1271.177 GC heap before
{Heap before GC invocations=73 (full 6):
 PSYoungGen      total 137216K, used 106889K [0x00000000f5580000, 0x00000000ffc80000, 0x0000000100000000)
  eden space 103424K, 100% used [0x00000000f5580000,0x00000000fba80000,0x00000000fba80000)
  from space 33792K, 10% used [0x00000000fda80000,0x00000000fdde27d8,0x00000000ffb80000)
  to   space 32768K, 0% used [0x00000000fba80000,0x00000000fba80000,0x00000000fda80000)
 ParOldGen       total 349696K, used 79090K [0x00000000e0000000, 0x00000000f5580000, 0x00000000f5580000)
  object space 349696K, 22% used [0x00000000e0000000,0x00000000e4d3c950,0x00000000f5580000)
 Metaspace       used 97667K, capacity 103096K, committed 103448K, reserved 1138688K
  class space    used 12393K, capacity 13494K, committed 13592K, reserved 1048576K
Event: 1271.245 GC heap after
Heap after GC invocations=73 (full 6):
 PSYoungGen      total 136192K, used 32743K [0x00000000f5580000, 0x0000000100000000, 0x0000000100000000)
  eden space 103424K, 0% used [0x00000000f5580000,0x00000000f5580000,0x00000000fba80000)
  from space 32768K, 99% used [0x00000000fba80000,0x00000000fda79f78,0x00000000fda80000)
  to   space 38400K, 0% used [0x00000000fda80000,0x00000000fda80000,0x0000000100000000)
 ParOldGen       total 349696K, used 80182K [0x00000000e0000000, 0x00000000f5580000, 0x00000000f5580000)
  object space 349696K, 22% used [0x00000000e0000000,0x00000000e4e4d808,0x00000000f5580000)
 Metaspace       used 97667K, capacity 103096K, committed 103448K, reserved 1138688K
  class space    used 12393K, capacity 13494K, committed 13592K, reserved 1048576K
}
Event: 1272.149 GC heap before
{Heap before GC invocations=74 (full 6):
 PSYoungGen      total 136192K, used 136167K [0x00000000f5580000, 0x0000000100000000, 0x0000000100000000)
  eden space 103424K, 100% used [0x00000000f5580000,0x00000000fba80000,0x00000000fba80000)
  from space 32768K, 99% used [0x00000000fba80000,0x00000000fda79f78,0x00000000fda80000)
  to   space 38400K, 0% used [0x00000000fda80000,0x00000000fda80000,0x0000000100000000)
 ParOldGen       total 349696K, used 80182K [0x00000000e0000000, 0x00000000f5580000, 0x00000000f5580000)
  object space 349696K, 22% used [0x00000000e0000000,0x00000000e4e4d808,0x00000000f5580000)
 Metaspace       used 97671K, capacity 103096K, committed 103448K, reserved 1138688K
  class space    used 12393K, capacity 13494K, committed 13592K, reserved 1048576K
Event: 1272.237 GC heap after
Heap after GC invocations=74 (full 6):
 PSYoungGen      total 131072K, used 24458K [0x00000000f5580000, 0x0000000100000000, 0x0000000100000000)
  eden space 92672K, 0% used [0x00000000f5580000,0x00000000f5580000,0x00000000fb000000)
  from space 38400K, 63% used [0x00000000fda80000,0x00000000ff2629d8,0x0000000100000000)
  to   space 40960K, 0% used [0x00000000fb000000,0x00000000fb000000,0x00000000fd800000)
 ParOldGen       total 349696K, used 104549K [0x00000000e0000000, 0x00000000f5580000, 0x00000000f5580000)
  object space 349696K, 29% used [0x00000000e0000000,0x00000000e6619758,0x00000000f5580000)
 Metaspace       used 97671K, capacity 103096K, committed 103448K, reserved 1138688K
  class space    used 12393K, capacity 13494K, committed 13592K, reserved 1048576K
}
Event: 1273.485 GC heap before
{Heap before GC invocations=75 (full 6):
 PSYoungGen      total 131072K, used 117130K [0x00000000f5580000, 0x0000000100000000, 0x0000000100000000)
  eden space 92672K, 100% used [0x00000000f5580000,0x00000000fb000000,0x00000000fb000000)
  from space 38400K, 63% used [0x00000000fda80000,0x00000000ff2629d8,0x0000000100000000)
  to   space 40960K, 0% used [0x00000000fb000000,0x00000000fb000000,0x00000000fd800000)
 ParOldGen       total 349696K, used 104549K [0x00000000e0000000, 0x00000000f5580000, 0x00000000f5580000)
  object space 349696K, 29% used [0x00000000e0000000,0x00000000e6619758,0x00000000f5580000)
 Metaspace       used 97674K, capacity 103096K, committed 103448K, reserved 1138688K
  class space    used 12393K, capacity 13494K, committed 13592K, reserved 1048576K
Event: 1273.588 GC heap after
Heap after GC invocations=75 (full 6):
 PSYoungGen      total 130560K, used 37842K [0x00000000f5580000, 0x0000000100000000, 0x0000000100000000)
  eden space 92672K, 0% used [0x00000000f5580000,0x00000000f5580000,0x00000000fb000000)
  from space 37888K, 99% used [0x00000000fb000000,0x00000000fd4f49c0,0x00000000fd500000)
  to   space 44032K, 0% used [0x00000000fd500000,0x00000000fd500000,0x0000000100000000)
 ParOldGen       total 349696K, used 106029K [0x00000000e0000000, 0x00000000f5580000, 0x00000000f5580000)
  object space 349696K, 30% used [0x00000000e0000000,0x00000000e678b758,0x00000000f5580000)
 Metaspace       used 97674K, capacity 103096K, committed 103448K, reserved 1138688K
  class space    used 12393K, capacity 13494K, committed 13592K, reserved 1048576K
}

